{"/Users/lionelacosta/Develop/woowup/src/replenishment.js": {"path":"/Users/lionelacosta/Develop/woowup/src/replenishment.js","all":false,"statementMap":{"0":{"start":{"line":1,"column":0},"end":{"line":1,"column":60}},"1":{"start":{"line":2,"column":0},"end":{"line":2,"column":25}},"2":{"start":{"line":3,"column":0},"end":{"line":3,"column":45}},"3":{"start":{"line":4,"column":0},"end":{"line":4,"column":79}},"4":{"start":{"line":5,"column":0},"end":{"line":5,"column":4}},"5":{"start":{"line":6,"column":0},"end":{"line":6,"column":50}},"6":{"start":{"line":7,"column":0},"end":{"line":7,"column":4}},"7":{"start":{"line":8,"column":0},"end":{"line":8,"column":68}},"8":{"start":{"line":9,"column":0},"end":{"line":9,"column":0}},"9":{"start":{"line":10,"column":0},"end":{"line":10,"column":87}},"10":{"start":{"line":11,"column":0},"end":{"line":11,"column":0}},"11":{"start":{"line":12,"column":0},"end":{"line":12,"column":29}},"12":{"start":{"line":13,"column":0},"end":{"line":13,"column":4}},"13":{"start":{"line":14,"column":0},"end":{"line":14,"column":46}},"14":{"start":{"line":15,"column":0},"end":{"line":15,"column":28}},"15":{"start":{"line":16,"column":0},"end":{"line":16,"column":32}},"16":{"start":{"line":17,"column":0},"end":{"line":17,"column":143}},"17":{"start":{"line":18,"column":0},"end":{"line":18,"column":10}},"18":{"start":{"line":19,"column":0},"end":{"line":19,"column":7}},"19":{"start":{"line":20,"column":0},"end":{"line":20,"column":0}},"20":{"start":{"line":21,"column":0},"end":{"line":21,"column":25}},"21":{"start":{"line":22,"column":0},"end":{"line":22,"column":1}},"22":{"start":{"line":23,"column":0},"end":{"line":23,"column":0}},"23":{"start":{"line":24,"column":0},"end":{"line":24,"column":45}},"24":{"start":{"line":25,"column":0},"end":{"line":25,"column":29}},"25":{"start":{"line":26,"column":0},"end":{"line":26,"column":43}},"26":{"start":{"line":27,"column":0},"end":{"line":27,"column":4}},"27":{"start":{"line":28,"column":0},"end":{"line":28,"column":36}},"28":{"start":{"line":29,"column":0},"end":{"line":29,"column":47}},"29":{"start":{"line":30,"column":0},"end":{"line":30,"column":44}},"30":{"start":{"line":31,"column":0},"end":{"line":31,"column":11}},"31":{"start":{"line":32,"column":0},"end":{"line":32,"column":7}},"32":{"start":{"line":33,"column":0},"end":{"line":33,"column":0}},"33":{"start":{"line":34,"column":0},"end":{"line":34,"column":44}},"34":{"start":{"line":35,"column":0},"end":{"line":35,"column":76}},"35":{"start":{"line":36,"column":0},"end":{"line":36,"column":51}},"36":{"start":{"line":37,"column":0},"end":{"line":37,"column":9}},"37":{"start":{"line":38,"column":0},"end":{"line":38,"column":7}},"38":{"start":{"line":39,"column":0},"end":{"line":39,"column":37}},"39":{"start":{"line":40,"column":0},"end":{"line":40,"column":1}},"40":{"start":{"line":41,"column":0},"end":{"line":41,"column":0}},"41":{"start":{"line":42,"column":0},"end":{"line":42,"column":33}},"42":{"start":{"line":43,"column":0},"end":{"line":43,"column":43}},"43":{"start":{"line":44,"column":0},"end":{"line":44,"column":28}},"44":{"start":{"line":45,"column":0},"end":{"line":45,"column":24}},"45":{"start":{"line":46,"column":0},"end":{"line":46,"column":0}},"46":{"start":{"line":47,"column":0},"end":{"line":47,"column":86}},"47":{"start":{"line":48,"column":0},"end":{"line":48,"column":78}},"48":{"start":{"line":49,"column":0},"end":{"line":49,"column":0}},"49":{"start":{"line":50,"column":0},"end":{"line":50,"column":58}},"50":{"start":{"line":51,"column":0},"end":{"line":51,"column":1}},"51":{"start":{"line":52,"column":0},"end":{"line":52,"column":0}},"52":{"start":{"line":53,"column":0},"end":{"line":53,"column":56}},"53":{"start":{"line":54,"column":0},"end":{"line":54,"column":30}},"54":{"start":{"line":55,"column":0},"end":{"line":55,"column":33}},"55":{"start":{"line":56,"column":0},"end":{"line":56,"column":119}},"56":{"start":{"line":57,"column":0},"end":{"line":57,"column":29}},"57":{"start":{"line":58,"column":0},"end":{"line":58,"column":16}},"58":{"start":{"line":59,"column":0},"end":{"line":59,"column":115}},"59":{"start":{"line":60,"column":0},"end":{"line":60,"column":65}},"60":{"start":{"line":61,"column":0},"end":{"line":61,"column":11}},"61":{"start":{"line":62,"column":0},"end":{"line":62,"column":7}},"62":{"start":{"line":63,"column":0},"end":{"line":63,"column":26}},"63":{"start":{"line":64,"column":0},"end":{"line":64,"column":1}},"64":{"start":{"line":65,"column":0},"end":{"line":65,"column":0}},"65":{"start":{"line":66,"column":0},"end":{"line":66,"column":48}},"66":{"start":{"line":67,"column":0},"end":{"line":67,"column":16}},"67":{"start":{"line":68,"column":0},"end":{"line":68,"column":48}},"68":{"start":{"line":69,"column":0},"end":{"line":69,"column":50}},"69":{"start":{"line":70,"column":0},"end":{"line":70,"column":5}},"70":{"start":{"line":71,"column":0},"end":{"line":71,"column":57}},"71":{"start":{"line":72,"column":0},"end":{"line":72,"column":61}},"72":{"start":{"line":73,"column":0},"end":{"line":73,"column":54}},"73":{"start":{"line":74,"column":0},"end":{"line":74,"column":67}},"74":{"start":{"line":75,"column":0},"end":{"line":75,"column":56}},"75":{"start":{"line":76,"column":0},"end":{"line":76,"column":1}},"76":{"start":{"line":77,"column":0},"end":{"line":77,"column":0}},"77":{"start":{"line":78,"column":0},"end":{"line":78,"column":47}},"78":{"start":{"line":79,"column":0},"end":{"line":79,"column":4}},"79":{"start":{"line":80,"column":0},"end":{"line":80,"column":32}},"80":{"start":{"line":81,"column":0},"end":{"line":81,"column":4}},"81":{"start":{"line":82,"column":0},"end":{"line":82,"column":48}},"82":{"start":{"line":83,"column":0},"end":{"line":83,"column":66}},"83":{"start":{"line":84,"column":0},"end":{"line":84,"column":5}},"84":{"start":{"line":85,"column":0},"end":{"line":85,"column":59}},"85":{"start":{"line":86,"column":0},"end":{"line":86,"column":4}},"86":{"start":{"line":87,"column":0},"end":{"line":87,"column":71}},"87":{"start":{"line":88,"column":0},"end":{"line":88,"column":4}},"88":{"start":{"line":89,"column":0},"end":{"line":89,"column":161}},"89":{"start":{"line":90,"column":0},"end":{"line":90,"column":4}},"90":{"start":{"line":91,"column":0},"end":{"line":91,"column":61}},"91":{"start":{"line":92,"column":0},"end":{"line":92,"column":0}},"92":{"start":{"line":93,"column":0},"end":{"line":93,"column":54}},"93":{"start":{"line":94,"column":0},"end":{"line":94,"column":66}},"94":{"start":{"line":95,"column":0},"end":{"line":95,"column":55}},"95":{"start":{"line":96,"column":0},"end":{"line":96,"column":1}},"96":{"start":{"line":97,"column":0},"end":{"line":97,"column":0}},"97":{"start":{"line":98,"column":0},"end":{"line":98,"column":16}},"98":{"start":{"line":99,"column":0},"end":{"line":99,"column":0}},"99":{"start":{"line":100,"column":0},"end":{"line":100,"column":18}},"100":{"start":{"line":101,"column":0},"end":{"line":101,"column":19}},"101":{"start":{"line":102,"column":0},"end":{"line":102,"column":28}},"102":{"start":{"line":103,"column":0},"end":{"line":103,"column":15}},"103":{"start":{"line":104,"column":0},"end":{"line":104,"column":26}},"104":{"start":{"line":105,"column":0},"end":{"line":105,"column":35}},"105":{"start":{"line":106,"column":0},"end":{"line":106,"column":33}},"106":{"start":{"line":107,"column":0},"end":{"line":107,"column":2}}},"s":{"0":1,"1":1,"2":1,"3":1,"4":1,"5":1,"6":1,"7":1,"8":1,"9":1,"10":1,"11":1,"12":1,"13":1,"14":2,"15":2,"16":2,"17":2,"18":2,"19":1,"20":1,"21":1,"22":1,"23":1,"24":1,"25":1,"26":1,"27":1,"28":7,"29":12,"30":12,"31":7,"32":1,"33":1,"34":12,"35":11,"36":11,"37":12,"38":1,"39":1,"40":1,"41":20,"42":20,"43":20,"44":20,"45":20,"46":20,"47":20,"48":20,"49":20,"50":20,"51":1,"52":1,"53":1,"54":1,"55":2,"56":2,"57":2,"58":2,"59":2,"60":2,"61":2,"62":1,"63":1,"64":1,"65":3,"66":3,"67":3,"68":14,"69":14,"70":3,"71":3,"72":3,"73":3,"74":3,"75":3,"76":1,"77":1,"78":1,"79":1,"80":1,"81":1,"82":5,"83":5,"84":1,"85":1,"86":1,"87":1,"88":1,"89":1,"90":1,"91":1,"92":1,"93":1,"94":1,"95":1,"96":1,"97":1,"98":1,"99":1,"100":1,"101":1,"102":1,"103":1,"104":1,"105":1,"106":1},"branchMap":{"0":{"type":"branch","line":3,"loc":{"start":{"line":3,"column":0},"end":{"line":22,"column":1}},"locations":[{"start":{"line":3,"column":0},"end":{"line":22,"column":1}}]},"1":{"type":"branch","line":14,"loc":{"start":{"line":14,"column":33},"end":{"line":19,"column":7}},"locations":[{"start":{"line":14,"column":33},"end":{"line":19,"column":7}}]},"2":{"type":"branch","line":17,"loc":{"start":{"line":17,"column":26},"end":{"line":17,"column":79}},"locations":[{"start":{"line":17,"column":26},"end":{"line":17,"column":79}}]},"3":{"type":"branch","line":24,"loc":{"start":{"line":24,"column":0},"end":{"line":40,"column":1}},"locations":[{"start":{"line":24,"column":0},"end":{"line":40,"column":1}}]},"4":{"type":"branch","line":28,"loc":{"start":{"line":28,"column":23},"end":{"line":32,"column":7}},"locations":[{"start":{"line":28,"column":23},"end":{"line":32,"column":7}}]},"5":{"type":"branch","line":29,"loc":{"start":{"line":29,"column":35},"end":{"line":31,"column":11}},"locations":[{"start":{"line":29,"column":35},"end":{"line":31,"column":11}}]},"6":{"type":"branch","line":34,"loc":{"start":{"line":34,"column":27},"end":{"line":38,"column":7}},"locations":[{"start":{"line":34,"column":27},"end":{"line":38,"column":7}}]},"7":{"type":"branch","line":35,"loc":{"start":{"line":35,"column":75},"end":{"line":37,"column":9}},"locations":[{"start":{"line":35,"column":75},"end":{"line":37,"column":9}}]},"8":{"type":"branch","line":35,"loc":{"start":{"line":35,"column":33},"end":{"line":35,"column":63}},"locations":[{"start":{"line":35,"column":33},"end":{"line":35,"column":63}}]},"9":{"type":"branch","line":42,"loc":{"start":{"line":42,"column":0},"end":{"line":51,"column":1}},"locations":[{"start":{"line":42,"column":0},"end":{"line":51,"column":1}}]},"10":{"type":"branch","line":53,"loc":{"start":{"line":53,"column":0},"end":{"line":64,"column":1}},"locations":[{"start":{"line":53,"column":0},"end":{"line":64,"column":1}}]},"11":{"type":"branch","line":55,"loc":{"start":{"line":55,"column":25},"end":{"line":62,"column":7}},"locations":[{"start":{"line":55,"column":25},"end":{"line":62,"column":7}}]},"12":{"type":"branch","line":56,"loc":{"start":{"line":56,"column":49},"end":{"line":56,"column":69}},"locations":[{"start":{"line":56,"column":49},"end":{"line":56,"column":69}}]},"13":{"type":"branch","line":56,"loc":{"start":{"line":56,"column":85},"end":{"line":56,"column":119}},"locations":[{"start":{"line":56,"column":85},"end":{"line":56,"column":119}}]},"14":{"type":"branch","line":59,"loc":{"start":{"line":59,"column":38},"end":{"line":59,"column":112}},"locations":[{"start":{"line":59,"column":38},"end":{"line":59,"column":112}}]},"15":{"type":"branch","line":59,"loc":{"start":{"line":59,"column":74},"end":{"line":59,"column":106}},"locations":[{"start":{"line":59,"column":74},"end":{"line":59,"column":106}}]},"16":{"type":"branch","line":60,"loc":{"start":{"line":60,"column":39},"end":{"line":60,"column":65}},"locations":[{"start":{"line":60,"column":39},"end":{"line":60,"column":65}}]},"17":{"type":"branch","line":66,"loc":{"start":{"line":66,"column":0},"end":{"line":76,"column":1}},"locations":[{"start":{"line":66,"column":0},"end":{"line":76,"column":1}}]},"18":{"type":"branch","line":68,"loc":{"start":{"line":68,"column":47},"end":{"line":70,"column":5}},"locations":[{"start":{"line":68,"column":47},"end":{"line":70,"column":5}}]},"19":{"type":"branch","line":78,"loc":{"start":{"line":78,"column":0},"end":{"line":96,"column":1}},"locations":[{"start":{"line":78,"column":0},"end":{"line":96,"column":1}}]},"20":{"type":"branch","line":82,"loc":{"start":{"line":82,"column":47},"end":{"line":84,"column":5}},"locations":[{"start":{"line":82,"column":47},"end":{"line":84,"column":5}}]},"21":{"type":"branch","line":89,"loc":{"start":{"line":89,"column":19},"end":{"line":89,"column":161}},"locations":[{"start":{"line":89,"column":19},"end":{"line":89,"column":161}}]},"22":{"type":"branch","line":87,"loc":{"start":{"line":87,"column":55},"end":{"line":87,"column":71}},"locations":[{"start":{"line":87,"column":55},"end":{"line":87,"column":71}}]}},"b":{"0":[1],"1":[2],"2":[0],"3":[1],"4":[7],"5":[12],"6":[12],"7":[11],"8":[144],"9":[20],"10":[1],"11":[2],"12":[14],"13":[19],"14":[11],"15":[16],"16":[11],"17":[3],"18":[14],"19":[1],"20":[5],"21":[0],"22":[7]},"fnMap":{"0":{"name":"replenishment","decl":{"start":{"line":3,"column":0},"end":{"line":22,"column":1}},"loc":{"start":{"line":3,"column":0},"end":{"line":22,"column":1}},"line":3},"1":{"name":"getRegularProductsBySKU","decl":{"start":{"line":24,"column":0},"end":{"line":40,"column":1}},"loc":{"start":{"line":24,"column":0},"end":{"line":40,"column":1}},"line":24},"2":{"name":"diffInDays","decl":{"start":{"line":42,"column":0},"end":{"line":51,"column":1}},"loc":{"start":{"line":42,"column":0},"end":{"line":51,"column":1}},"line":42},"3":{"name":"getPurchaseDatesBySKU","decl":{"start":{"line":53,"column":0},"end":{"line":64,"column":1}},"loc":{"start":{"line":53,"column":0},"end":{"line":64,"column":1}},"line":53},"4":{"name":"getNextPurchaseDateWithAverage","decl":{"start":{"line":66,"column":0},"end":{"line":76,"column":1}},"loc":{"start":{"line":66,"column":0},"end":{"line":76,"column":1}},"line":66},"5":{"name":"getNextPurchaseDateWithMedian","decl":{"start":{"line":78,"column":0},"end":{"line":96,"column":1}},"loc":{"start":{"line":78,"column":0},"end":{"line":96,"column":1}},"line":78}},"f":{"0":1,"1":1,"2":20,"3":1,"4":3,"5":1}}
,"/Users/lionelacosta/Develop/woowup/src/stairs.js": {"path":"/Users/lionelacosta/Develop/woowup/src/stairs.js","all":false,"statementMap":{"0":{"start":{"line":1,"column":0},"end":{"line":1,"column":24}},"1":{"start":{"line":2,"column":0},"end":{"line":2,"column":36}},"2":{"start":{"line":3,"column":0},"end":{"line":3,"column":21}},"3":{"start":{"line":4,"column":0},"end":{"line":4,"column":5}},"4":{"start":{"line":5,"column":0},"end":{"line":5,"column":20}},"5":{"start":{"line":6,"column":0},"end":{"line":6,"column":53}},"6":{"start":{"line":7,"column":0},"end":{"line":7,"column":5}},"7":{"start":{"line":8,"column":0},"end":{"line":8,"column":64}},"8":{"start":{"line":9,"column":0},"end":{"line":9,"column":1}},"9":{"start":{"line":10,"column":0},"end":{"line":10,"column":0}},"10":{"start":{"line":11,"column":0},"end":{"line":11,"column":24}}},"s":{"0":19,"1":19,"2":11,"3":11,"4":19,"5":7,"6":7,"7":1,"8":1,"9":1,"10":1},"branchMap":{"0":{"type":"branch","line":1,"loc":{"start":{"line":1,"column":0},"end":{"line":9,"column":1}},"locations":[{"start":{"line":1,"column":0},"end":{"line":9,"column":1}}]},"1":{"type":"branch","line":2,"loc":{"start":{"line":2,"column":7},"end":{"line":2,"column":35}},"locations":[{"start":{"line":2,"column":7},"end":{"line":2,"column":35}}]},"2":{"type":"branch","line":2,"loc":{"start":{"line":2,"column":35},"end":{"line":4,"column":5}},"locations":[{"start":{"line":2,"column":35},"end":{"line":4,"column":5}}]},"3":{"type":"branch","line":5,"loc":{"start":{"line":5,"column":-1},"end":{"line":5,"column":7}},"locations":[{"start":{"line":5,"column":-1},"end":{"line":5,"column":7}}]},"4":{"type":"branch","line":5,"loc":{"start":{"line":5,"column":19},"end":{"line":7,"column":5}},"locations":[{"start":{"line":5,"column":19},"end":{"line":7,"column":5}}]},"5":{"type":"branch","line":8,"loc":{"start":{"line":8,"column":-1},"end":{"line":9,"column":1}},"locations":[{"start":{"line":8,"column":-1},"end":{"line":9,"column":1}}]}},"b":{"0":[19],"1":[15],"2":[11],"3":[8],"4":[7],"5":[1]},"fnMap":{"0":{"name":"stairs","decl":{"start":{"line":1,"column":0},"end":{"line":9,"column":1}},"loc":{"start":{"line":1,"column":0},"end":{"line":9,"column":1}},"line":1}},"f":{"0":19}}
,"/Users/lionelacosta/Develop/woowup/src/constants/replenishment.constants.js": {"path":"/Users/lionelacosta/Develop/woowup/src/constants/replenishment.constants.js","all":false,"statementMap":{"0":{"start":{"line":1,"column":0},"end":{"line":1,"column":14}},"1":{"start":{"line":2,"column":0},"end":{"line":2,"column":24}},"2":{"start":{"line":3,"column":0},"end":{"line":3,"column":20}},"3":{"start":{"line":4,"column":0},"end":{"line":4,"column":1}},"4":{"start":{"line":5,"column":0},"end":{"line":5,"column":0}},"5":{"start":{"line":6,"column":0},"end":{"line":6,"column":22}}},"s":{"0":1,"1":1,"2":1,"3":1,"4":1,"5":1},"branchMap":{},"b":{},"fnMap":{},"f":{}}
}
