{"/Users/lionelacosta/Develop/woowup/src/replenishment.js": {"path":"/Users/lionelacosta/Develop/woowup/src/replenishment.js","all":false,"statementMap":{"0":{"start":{"line":1,"column":0},"end":{"line":1,"column":25}},"1":{"start":{"line":2,"column":0},"end":{"line":2,"column":0}},"2":{"start":{"line":3,"column":0},"end":{"line":3,"column":32}},"3":{"start":{"line":4,"column":0},"end":{"line":4,"column":79}},"4":{"start":{"line":5,"column":0},"end":{"line":5,"column":4}},"5":{"start":{"line":6,"column":0},"end":{"line":6,"column":50}},"6":{"start":{"line":7,"column":0},"end":{"line":7,"column":4}},"7":{"start":{"line":8,"column":0},"end":{"line":8,"column":68}},"8":{"start":{"line":9,"column":0},"end":{"line":9,"column":0}},"9":{"start":{"line":10,"column":0},"end":{"line":10,"column":87}},"10":{"start":{"line":11,"column":0},"end":{"line":11,"column":0}},"11":{"start":{"line":12,"column":0},"end":{"line":12,"column":17}},"12":{"start":{"line":13,"column":0},"end":{"line":13,"column":0}},"13":{"start":{"line":14,"column":0},"end":{"line":14,"column":48}},"14":{"start":{"line":15,"column":0},"end":{"line":15,"column":160}},"15":{"start":{"line":16,"column":0},"end":{"line":16,"column":10}},"16":{"start":{"line":17,"column":0},"end":{"line":17,"column":0}},"17":{"start":{"line":18,"column":0},"end":{"line":18,"column":17}},"18":{"start":{"line":19,"column":0},"end":{"line":19,"column":0}},"19":{"start":{"line":20,"column":0},"end":{"line":20,"column":49}},"20":{"start":{"line":21,"column":0},"end":{"line":21,"column":158}},"21":{"start":{"line":22,"column":0},"end":{"line":22,"column":10}},"22":{"start":{"line":23,"column":0},"end":{"line":23,"column":1}},"23":{"start":{"line":24,"column":0},"end":{"line":24,"column":0}},"24":{"start":{"line":25,"column":0},"end":{"line":25,"column":45}},"25":{"start":{"line":26,"column":0},"end":{"line":26,"column":29}},"26":{"start":{"line":27,"column":0},"end":{"line":27,"column":43}},"27":{"start":{"line":28,"column":0},"end":{"line":28,"column":4}},"28":{"start":{"line":29,"column":0},"end":{"line":29,"column":36}},"29":{"start":{"line":30,"column":0},"end":{"line":30,"column":47}},"30":{"start":{"line":31,"column":0},"end":{"line":31,"column":44}},"31":{"start":{"line":32,"column":0},"end":{"line":32,"column":11}},"32":{"start":{"line":33,"column":0},"end":{"line":33,"column":7}},"33":{"start":{"line":34,"column":0},"end":{"line":34,"column":0}},"34":{"start":{"line":35,"column":0},"end":{"line":35,"column":44}},"35":{"start":{"line":36,"column":0},"end":{"line":36,"column":76}},"36":{"start":{"line":37,"column":0},"end":{"line":37,"column":51}},"37":{"start":{"line":38,"column":0},"end":{"line":38,"column":9}},"38":{"start":{"line":39,"column":0},"end":{"line":39,"column":7}},"39":{"start":{"line":40,"column":0},"end":{"line":40,"column":37}},"40":{"start":{"line":41,"column":0},"end":{"line":41,"column":1}},"41":{"start":{"line":42,"column":0},"end":{"line":42,"column":0}},"42":{"start":{"line":43,"column":0},"end":{"line":43,"column":33}},"43":{"start":{"line":44,"column":0},"end":{"line":44,"column":28}},"44":{"start":{"line":45,"column":0},"end":{"line":45,"column":24}},"45":{"start":{"line":46,"column":0},"end":{"line":46,"column":43}},"46":{"start":{"line":47,"column":0},"end":{"line":47,"column":0}},"47":{"start":{"line":48,"column":0},"end":{"line":48,"column":86}},"48":{"start":{"line":49,"column":0},"end":{"line":49,"column":78}},"49":{"start":{"line":50,"column":0},"end":{"line":50,"column":0}},"50":{"start":{"line":51,"column":0},"end":{"line":51,"column":58}},"51":{"start":{"line":52,"column":0},"end":{"line":52,"column":1}},"52":{"start":{"line":53,"column":0},"end":{"line":53,"column":0}},"53":{"start":{"line":54,"column":0},"end":{"line":54,"column":56}},"54":{"start":{"line":55,"column":0},"end":{"line":55,"column":30}},"55":{"start":{"line":56,"column":0},"end":{"line":56,"column":33}},"56":{"start":{"line":57,"column":0},"end":{"line":57,"column":119}},"57":{"start":{"line":58,"column":0},"end":{"line":58,"column":29}},"58":{"start":{"line":59,"column":0},"end":{"line":59,"column":16}},"59":{"start":{"line":60,"column":0},"end":{"line":60,"column":115}},"60":{"start":{"line":61,"column":0},"end":{"line":61,"column":65}},"61":{"start":{"line":62,"column":0},"end":{"line":62,"column":11}},"62":{"start":{"line":63,"column":0},"end":{"line":63,"column":7}},"63":{"start":{"line":64,"column":0},"end":{"line":64,"column":26}},"64":{"start":{"line":65,"column":0},"end":{"line":65,"column":1}},"65":{"start":{"line":66,"column":0},"end":{"line":66,"column":0}},"66":{"start":{"line":67,"column":0},"end":{"line":67,"column":48}},"67":{"start":{"line":68,"column":0},"end":{"line":68,"column":16}},"68":{"start":{"line":69,"column":0},"end":{"line":69,"column":48}},"69":{"start":{"line":70,"column":0},"end":{"line":70,"column":50}},"70":{"start":{"line":71,"column":0},"end":{"line":71,"column":5}},"71":{"start":{"line":72,"column":0},"end":{"line":72,"column":57}},"72":{"start":{"line":73,"column":0},"end":{"line":73,"column":61}},"73":{"start":{"line":74,"column":0},"end":{"line":74,"column":54}},"74":{"start":{"line":75,"column":0},"end":{"line":75,"column":67}},"75":{"start":{"line":76,"column":0},"end":{"line":76,"column":56}},"76":{"start":{"line":77,"column":0},"end":{"line":77,"column":1}},"77":{"start":{"line":78,"column":0},"end":{"line":78,"column":0}},"78":{"start":{"line":79,"column":0},"end":{"line":79,"column":47}},"79":{"start":{"line":80,"column":0},"end":{"line":80,"column":4}},"80":{"start":{"line":81,"column":0},"end":{"line":81,"column":32}},"81":{"start":{"line":82,"column":0},"end":{"line":82,"column":4}},"82":{"start":{"line":83,"column":0},"end":{"line":83,"column":48}},"83":{"start":{"line":84,"column":0},"end":{"line":84,"column":66}},"84":{"start":{"line":85,"column":0},"end":{"line":85,"column":5}},"85":{"start":{"line":86,"column":0},"end":{"line":86,"column":59}},"86":{"start":{"line":87,"column":0},"end":{"line":87,"column":4}},"87":{"start":{"line":88,"column":0},"end":{"line":88,"column":71}},"88":{"start":{"line":89,"column":0},"end":{"line":89,"column":4}},"89":{"start":{"line":90,"column":0},"end":{"line":90,"column":161}},"90":{"start":{"line":91,"column":0},"end":{"line":91,"column":4}},"91":{"start":{"line":92,"column":0},"end":{"line":92,"column":61}},"92":{"start":{"line":93,"column":0},"end":{"line":93,"column":0}},"93":{"start":{"line":94,"column":0},"end":{"line":94,"column":54}},"94":{"start":{"line":95,"column":0},"end":{"line":95,"column":66}},"95":{"start":{"line":96,"column":0},"end":{"line":96,"column":55}},"96":{"start":{"line":97,"column":0},"end":{"line":97,"column":1}},"97":{"start":{"line":98,"column":0},"end":{"line":98,"column":0}},"98":{"start":{"line":99,"column":0},"end":{"line":99,"column":16}},"99":{"start":{"line":100,"column":0},"end":{"line":100,"column":0}},"100":{"start":{"line":101,"column":0},"end":{"line":101,"column":18}},"101":{"start":{"line":102,"column":0},"end":{"line":102,"column":19}},"102":{"start":{"line":103,"column":0},"end":{"line":103,"column":28}},"103":{"start":{"line":104,"column":0},"end":{"line":104,"column":15}},"104":{"start":{"line":105,"column":0},"end":{"line":105,"column":26}},"105":{"start":{"line":106,"column":0},"end":{"line":106,"column":35}},"106":{"start":{"line":107,"column":0},"end":{"line":107,"column":33}},"107":{"start":{"line":108,"column":0},"end":{"line":108,"column":2}}},"s":{"0":1,"1":1,"2":1,"3":1,"4":1,"5":1,"6":1,"7":1,"8":1,"9":1,"10":1,"11":1,"12":1,"13":1,"14":1,"15":1,"16":1,"17":1,"18":1,"19":1,"20":1,"21":1,"22":1,"23":1,"24":1,"25":1,"26":1,"27":1,"28":1,"29":7,"30":12,"31":12,"32":7,"33":1,"34":1,"35":12,"36":11,"37":11,"38":12,"39":1,"40":1,"41":1,"42":11,"43":11,"44":11,"45":11,"46":11,"47":11,"48":11,"49":11,"50":11,"51":11,"52":1,"53":1,"54":1,"55":1,"56":2,"57":2,"58":2,"59":2,"60":2,"61":2,"62":2,"63":1,"64":1,"65":1,"66":1,"67":1,"68":1,"69":5,"70":5,"71":1,"72":1,"73":1,"74":1,"75":1,"76":1,"77":1,"78":1,"79":1,"80":1,"81":1,"82":1,"83":5,"84":5,"85":1,"86":1,"87":1,"88":1,"89":1,"90":1,"91":1,"92":1,"93":1,"94":1,"95":1,"96":1,"97":1,"98":1,"99":1,"100":1,"101":1,"102":1,"103":1,"104":1,"105":1,"106":1,"107":1},"branchMap":{"0":{"type":"branch","line":3,"loc":{"start":{"line":3,"column":0},"end":{"line":23,"column":1}},"locations":[{"start":{"line":3,"column":0},"end":{"line":23,"column":1}}]},"1":{"type":"branch","line":25,"loc":{"start":{"line":25,"column":0},"end":{"line":41,"column":1}},"locations":[{"start":{"line":25,"column":0},"end":{"line":41,"column":1}}]},"2":{"type":"branch","line":29,"loc":{"start":{"line":29,"column":23},"end":{"line":33,"column":7}},"locations":[{"start":{"line":29,"column":23},"end":{"line":33,"column":7}}]},"3":{"type":"branch","line":30,"loc":{"start":{"line":30,"column":35},"end":{"line":32,"column":11}},"locations":[{"start":{"line":30,"column":35},"end":{"line":32,"column":11}}]},"4":{"type":"branch","line":35,"loc":{"start":{"line":35,"column":27},"end":{"line":39,"column":7}},"locations":[{"start":{"line":35,"column":27},"end":{"line":39,"column":7}}]},"5":{"type":"branch","line":36,"loc":{"start":{"line":36,"column":75},"end":{"line":38,"column":9}},"locations":[{"start":{"line":36,"column":75},"end":{"line":38,"column":9}}]},"6":{"type":"branch","line":36,"loc":{"start":{"line":36,"column":33},"end":{"line":36,"column":63}},"locations":[{"start":{"line":36,"column":33},"end":{"line":36,"column":63}}]},"7":{"type":"branch","line":43,"loc":{"start":{"line":43,"column":0},"end":{"line":52,"column":1}},"locations":[{"start":{"line":43,"column":0},"end":{"line":52,"column":1}}]},"8":{"type":"branch","line":54,"loc":{"start":{"line":54,"column":0},"end":{"line":65,"column":1}},"locations":[{"start":{"line":54,"column":0},"end":{"line":65,"column":1}}]},"9":{"type":"branch","line":56,"loc":{"start":{"line":56,"column":25},"end":{"line":63,"column":7}},"locations":[{"start":{"line":56,"column":25},"end":{"line":63,"column":7}}]},"10":{"type":"branch","line":57,"loc":{"start":{"line":57,"column":49},"end":{"line":57,"column":69}},"locations":[{"start":{"line":57,"column":49},"end":{"line":57,"column":69}}]},"11":{"type":"branch","line":57,"loc":{"start":{"line":57,"column":85},"end":{"line":57,"column":119}},"locations":[{"start":{"line":57,"column":85},"end":{"line":57,"column":119}}]},"12":{"type":"branch","line":60,"loc":{"start":{"line":60,"column":38},"end":{"line":60,"column":112}},"locations":[{"start":{"line":60,"column":38},"end":{"line":60,"column":112}}]},"13":{"type":"branch","line":60,"loc":{"start":{"line":60,"column":74},"end":{"line":60,"column":106}},"locations":[{"start":{"line":60,"column":74},"end":{"line":60,"column":106}}]},"14":{"type":"branch","line":61,"loc":{"start":{"line":61,"column":39},"end":{"line":61,"column":65}},"locations":[{"start":{"line":61,"column":39},"end":{"line":61,"column":65}}]},"15":{"type":"branch","line":67,"loc":{"start":{"line":67,"column":0},"end":{"line":77,"column":1}},"locations":[{"start":{"line":67,"column":0},"end":{"line":77,"column":1}}]},"16":{"type":"branch","line":69,"loc":{"start":{"line":69,"column":47},"end":{"line":71,"column":5}},"locations":[{"start":{"line":69,"column":47},"end":{"line":71,"column":5}}]},"17":{"type":"branch","line":79,"loc":{"start":{"line":79,"column":0},"end":{"line":97,"column":1}},"locations":[{"start":{"line":79,"column":0},"end":{"line":97,"column":1}}]},"18":{"type":"branch","line":83,"loc":{"start":{"line":83,"column":47},"end":{"line":85,"column":5}},"locations":[{"start":{"line":83,"column":47},"end":{"line":85,"column":5}}]},"19":{"type":"branch","line":90,"loc":{"start":{"line":90,"column":19},"end":{"line":90,"column":161}},"locations":[{"start":{"line":90,"column":19},"end":{"line":90,"column":161}}]},"20":{"type":"branch","line":88,"loc":{"start":{"line":88,"column":55},"end":{"line":88,"column":71}},"locations":[{"start":{"line":88,"column":55},"end":{"line":88,"column":71}}]}},"b":{"0":[1],"1":[1],"2":[7],"3":[12],"4":[12],"5":[11],"6":[144],"7":[11],"8":[1],"9":[2],"10":[14],"11":[19],"12":[11],"13":[16],"14":[11],"15":[1],"16":[5],"17":[1],"18":[5],"19":[0],"20":[7]},"fnMap":{"0":{"name":"replenishment","decl":{"start":{"line":3,"column":0},"end":{"line":23,"column":1}},"loc":{"start":{"line":3,"column":0},"end":{"line":23,"column":1}},"line":3},"1":{"name":"getRegularProductsBySKU","decl":{"start":{"line":25,"column":0},"end":{"line":41,"column":1}},"loc":{"start":{"line":25,"column":0},"end":{"line":41,"column":1}},"line":25},"2":{"name":"diffInDays","decl":{"start":{"line":43,"column":0},"end":{"line":52,"column":1}},"loc":{"start":{"line":43,"column":0},"end":{"line":52,"column":1}},"line":43},"3":{"name":"getPurchaseDatesBySKU","decl":{"start":{"line":54,"column":0},"end":{"line":65,"column":1}},"loc":{"start":{"line":54,"column":0},"end":{"line":65,"column":1}},"line":54},"4":{"name":"getNextPurchaseDateWithAverage","decl":{"start":{"line":67,"column":0},"end":{"line":77,"column":1}},"loc":{"start":{"line":67,"column":0},"end":{"line":77,"column":1}},"line":67},"5":{"name":"getNextPurchaseDateWithMedian","decl":{"start":{"line":79,"column":0},"end":{"line":97,"column":1}},"loc":{"start":{"line":79,"column":0},"end":{"line":97,"column":1}},"line":79}},"f":{"0":1,"1":1,"2":11,"3":1,"4":1,"5":1}}
,"/Users/lionelacosta/Develop/woowup/src/stairs.js": {"path":"/Users/lionelacosta/Develop/woowup/src/stairs.js","all":false,"statementMap":{"0":{"start":{"line":1,"column":0},"end":{"line":1,"column":24}},"1":{"start":{"line":2,"column":0},"end":{"line":2,"column":36}},"2":{"start":{"line":3,"column":0},"end":{"line":3,"column":21}},"3":{"start":{"line":4,"column":0},"end":{"line":4,"column":5}},"4":{"start":{"line":5,"column":0},"end":{"line":5,"column":20}},"5":{"start":{"line":6,"column":0},"end":{"line":6,"column":53}},"6":{"start":{"line":7,"column":0},"end":{"line":7,"column":5}},"7":{"start":{"line":8,"column":0},"end":{"line":8,"column":64}},"8":{"start":{"line":9,"column":0},"end":{"line":9,"column":1}},"9":{"start":{"line":10,"column":0},"end":{"line":10,"column":0}},"10":{"start":{"line":11,"column":0},"end":{"line":11,"column":24}}},"s":{"0":19,"1":19,"2":11,"3":11,"4":19,"5":7,"6":7,"7":1,"8":1,"9":1,"10":1},"branchMap":{"0":{"type":"branch","line":1,"loc":{"start":{"line":1,"column":0},"end":{"line":9,"column":1}},"locations":[{"start":{"line":1,"column":0},"end":{"line":9,"column":1}}]},"1":{"type":"branch","line":2,"loc":{"start":{"line":2,"column":7},"end":{"line":2,"column":35}},"locations":[{"start":{"line":2,"column":7},"end":{"line":2,"column":35}}]},"2":{"type":"branch","line":2,"loc":{"start":{"line":2,"column":35},"end":{"line":4,"column":5}},"locations":[{"start":{"line":2,"column":35},"end":{"line":4,"column":5}}]},"3":{"type":"branch","line":5,"loc":{"start":{"line":5,"column":-1},"end":{"line":5,"column":7}},"locations":[{"start":{"line":5,"column":-1},"end":{"line":5,"column":7}}]},"4":{"type":"branch","line":5,"loc":{"start":{"line":5,"column":19},"end":{"line":7,"column":5}},"locations":[{"start":{"line":5,"column":19},"end":{"line":7,"column":5}}]},"5":{"type":"branch","line":8,"loc":{"start":{"line":8,"column":-1},"end":{"line":9,"column":1}},"locations":[{"start":{"line":8,"column":-1},"end":{"line":9,"column":1}}]}},"b":{"0":[19],"1":[15],"2":[11],"3":[8],"4":[7],"5":[1]},"fnMap":{"0":{"name":"stairs","decl":{"start":{"line":1,"column":0},"end":{"line":9,"column":1}},"loc":{"start":{"line":1,"column":0},"end":{"line":9,"column":1}},"line":1}},"f":{"0":19}}
}
