TN:
SF:src/replenishment.js
FN:3,replenishment
FN:25,getRegularProductsBySKU
FN:43,diffInDays
FN:54,getPurchaseDatesBySKU
FN:67,getNextPurchaseDateWithAverage
FN:79,getNextPurchaseDateWithMedian
FNF:6
FNH:6
FNDA:1,replenishment
FNDA:1,getRegularProductsBySKU
FNDA:11,diffInDays
FNDA:1,getPurchaseDatesBySKU
FNDA:1,getNextPurchaseDateWithAverage
FNDA:1,getNextPurchaseDateWithMedian
DA:1,1
DA:2,1
DA:3,1
DA:4,1
DA:5,1
DA:6,1
DA:7,1
DA:8,1
DA:9,1
DA:10,1
DA:11,1
DA:12,1
DA:13,1
DA:14,1
DA:15,1
DA:16,1
DA:17,1
DA:18,1
DA:19,1
DA:20,1
DA:21,1
DA:22,1
DA:23,1
DA:24,1
DA:25,1
DA:26,1
DA:27,1
DA:28,1
DA:29,1
DA:30,7
DA:31,12
DA:32,12
DA:33,7
DA:34,1
DA:35,1
DA:36,12
DA:37,11
DA:38,11
DA:39,12
DA:40,1
DA:41,1
DA:42,1
DA:43,11
DA:44,11
DA:45,11
DA:46,11
DA:47,11
DA:48,11
DA:49,11
DA:50,11
DA:51,11
DA:52,11
DA:53,1
DA:54,1
DA:55,1
DA:56,1
DA:57,2
DA:58,2
DA:59,2
DA:60,2
DA:61,2
DA:62,2
DA:63,2
DA:64,1
DA:65,1
DA:66,1
DA:67,1
DA:68,1
DA:69,1
DA:70,5
DA:71,5
DA:72,1
DA:73,1
DA:74,1
DA:75,1
DA:76,1
DA:77,1
DA:78,1
DA:79,1
DA:80,1
DA:81,1
DA:82,1
DA:83,1
DA:84,5
DA:85,5
DA:86,1
DA:87,1
DA:88,1
DA:89,1
DA:90,1
DA:91,1
DA:92,1
DA:93,1
DA:94,1
DA:95,1
DA:96,1
DA:97,1
DA:98,1
DA:99,1
DA:100,1
DA:101,1
DA:102,1
DA:103,1
DA:104,1
DA:105,1
DA:106,1
DA:107,1
DA:108,1
LF:108
LH:108
BRDA:3,0,0,1
BRDA:25,1,0,1
BRDA:29,2,0,7
BRDA:30,3,0,12
BRDA:35,4,0,12
BRDA:36,5,0,11
BRDA:36,6,0,144
BRDA:43,7,0,11
BRDA:54,8,0,1
BRDA:56,9,0,2
BRDA:57,10,0,14
BRDA:57,11,0,19
BRDA:60,12,0,11
BRDA:60,13,0,16
BRDA:61,14,0,11
BRDA:67,15,0,1
BRDA:69,16,0,5
BRDA:79,17,0,1
BRDA:83,18,0,5
BRDA:90,19,0,0
BRDA:88,20,0,7
BRF:21
BRH:20
end_of_record
TN:
SF:src/stairs.js
FN:1,stairs
FNF:1
FNH:1
FNDA:19,stairs
DA:1,19
DA:2,19
DA:3,11
DA:4,11
DA:5,19
DA:6,7
DA:7,7
DA:8,1
DA:9,1
DA:10,1
DA:11,1
LF:11
LH:11
BRDA:1,0,0,19
BRDA:2,1,0,15
BRDA:2,2,0,11
BRDA:5,3,0,8
BRDA:5,4,0,7
BRDA:8,5,0,1
BRF:6
BRH:6
end_of_record
