TN:
SF:src/replenishment.js
FN:5,replenishment
FN:26,getRegularProductsBySKU
FN:44,diffInDays
FN:55,getPurchaseDatesBySKU
FN:68,getNextPurchaseDateWithAverage
FN:80,getNextPurchaseDateWithMedian
FNF:6
FNH:6
FNDA:1,replenishment
FNDA:1,getRegularProductsBySKU
FNDA:20,diffInDays
FNDA:1,getPurchaseDatesBySKU
FNDA:3,getNextPurchaseDateWithAverage
FNDA:1,getNextPurchaseDateWithMedian
DA:1,1
DA:2,1
DA:3,1
DA:4,1
DA:5,1
DA:6,1
DA:7,1
DA:8,1
DA:9,1
DA:10,1
DA:11,1
DA:12,1
DA:13,1
DA:14,1
DA:15,1
DA:16,1
DA:17,2
DA:18,2
DA:19,2
DA:20,2
DA:21,2
DA:22,1
DA:23,1
DA:24,1
DA:25,1
DA:26,1
DA:27,1
DA:28,1
DA:29,1
DA:30,1
DA:31,7
DA:32,12
DA:33,12
DA:34,7
DA:35,1
DA:36,1
DA:37,12
DA:38,11
DA:39,11
DA:40,12
DA:41,1
DA:42,1
DA:43,1
DA:44,20
DA:45,20
DA:46,20
DA:47,20
DA:48,20
DA:49,20
DA:50,20
DA:51,20
DA:52,20
DA:53,20
DA:54,1
DA:55,1
DA:56,1
DA:57,1
DA:58,2
DA:59,2
DA:60,2
DA:61,2
DA:62,2
DA:63,2
DA:64,2
DA:65,1
DA:66,1
DA:67,1
DA:68,3
DA:69,3
DA:70,3
DA:71,14
DA:72,14
DA:73,3
DA:74,3
DA:75,3
DA:76,3
DA:77,3
DA:78,3
DA:79,1
DA:80,1
DA:81,1
DA:82,1
DA:83,1
DA:84,1
DA:85,5
DA:86,5
DA:87,1
DA:88,1
DA:89,1
DA:90,1
DA:91,1
DA:92,1
DA:93,1
DA:94,1
DA:95,1
DA:96,1
DA:97,1
DA:98,1
DA:99,1
DA:100,1
DA:101,1
DA:102,1
DA:103,1
DA:104,1
DA:105,1
DA:106,1
DA:107,1
DA:108,1
DA:109,1
LF:109
LH:109
BRDA:5,0,0,1
BRDA:16,1,0,2
BRDA:19,2,0,0
BRDA:26,3,0,1
BRDA:30,4,0,7
BRDA:31,5,0,12
BRDA:36,6,0,12
BRDA:37,7,0,11
BRDA:37,8,0,144
BRDA:44,9,0,20
BRDA:55,10,0,1
BRDA:57,11,0,2
BRDA:58,12,0,14
BRDA:58,13,0,19
BRDA:61,14,0,11
BRDA:61,15,0,16
BRDA:62,16,0,11
BRDA:68,17,0,3
BRDA:70,18,0,14
BRDA:80,19,0,1
BRDA:84,20,0,5
BRDA:91,21,0,0
BRDA:89,22,0,7
BRF:23
BRH:21
end_of_record
TN:
SF:src/stairs.js
FN:1,stairs
FNF:1
FNH:1
FNDA:19,stairs
DA:1,19
DA:2,19
DA:3,11
DA:4,11
DA:5,19
DA:6,7
DA:7,7
DA:8,1
DA:9,1
DA:10,1
DA:11,1
LF:11
LH:11
BRDA:1,0,0,19
BRDA:2,1,0,15
BRDA:2,2,0,11
BRDA:5,3,0,8
BRDA:5,4,0,7
BRDA:8,5,0,1
BRF:6
BRH:6
end_of_record
TN:
SF:src/constants/replenishment.constants.js
FNF:0
FNH:0
DA:1,1
DA:2,1
DA:3,1
DA:4,1
DA:5,1
DA:6,1
LF:6
LH:6
BRF:0
BRH:0
end_of_record
